{
  "stats": {
    "suites": 1,
    "tests": 5,
    "passes": 5,
    "pending": 0,
    "failures": 0,
    "start": "2023-07-07T00:55:47.134Z",
    "end": "2023-07-07T00:56:14.024Z",
    "duration": 26890,
    "testsRegistered": 5,
    "passPercent": 100,
    "pendingPercent": 0,
    "other": 0,
    "hasOther": false,
    "skipped": 0,
    "hasSkipped": false
  },
  "results": [
    {
      "uuid": "8f7c4cd5-c7fe-49cb-a418-1d00081e7174",
      "title": "",
      "fullFile": "cypress/e2e/Calculadora.cy.js",
      "file": "cypress/e2e/Calculadora.cy.js",
      "beforeHooks": [],
      "afterHooks": [],
      "tests": [],
      "suites": [
        {
          "uuid": "14aa1e5b-0d7f-4238-91c4-f6db2e9463e6",
          "title": "Calculadora",
          "fullFile": "",
          "file": "",
          "beforeHooks": [],
          "afterHooks": [],
          "tests": [
            {
              "title": "Smoke da Tela",
              "fullTitle": "Calculadora Smoke da Tela",
              "timedOut": null,
              "duration": 6845,
              "state": "passed",
              "speed": "medium",
              "pass": true,
              "fail": false,
              "pending": false,
              "context": null,
              "code": "_CalculadoraPage.default.smokeCalculadora();",
              "err": {},
              "uuid": "5db8cde0-56b0-4bd0-89f5-64d419efb382",
              "parentUUID": "14aa1e5b-0d7f-4238-91c4-f6db2e9463e6",
              "isHook": false,
              "skipped": false
            },
            {
              "title": "5 - 5 ",
              "fullTitle": "Calculadora 5 - 5 ",
              "timedOut": null,
              "duration": 5163,
              "state": "passed",
              "speed": "medium",
              "pass": true,
              "fail": false,
              "pending": false,
              "context": null,
              "code": "_CalculadoraPage.default.CalculadoraSubtrair();",
              "err": {},
              "uuid": "3615ebf2-0704-4cf0-bd88-40c1c95c2f7b",
              "parentUUID": "14aa1e5b-0d7f-4238-91c4-f6db2e9463e6",
              "isHook": false,
              "skipped": false
            },
            {
              "title": "9 + 9",
              "fullTitle": "Calculadora 9 + 9",
              "timedOut": null,
              "duration": 4327,
              "state": "passed",
              "speed": "fast",
              "pass": true,
              "fail": false,
              "pending": false,
              "context": null,
              "code": "_CalculadoraPage.default.CalculadoraSomar();",
              "err": {},
              "uuid": "98150e91-62e8-41e5-9257-14f637421f28",
              "parentUUID": "14aa1e5b-0d7f-4238-91c4-f6db2e9463e6",
              "isHook": false,
              "skipped": false
            },
            {
              "title": "5 / 5",
              "fullTitle": "Calculadora 5 / 5",
              "timedOut": null,
              "duration": 3377,
              "state": "passed",
              "speed": "fast",
              "pass": true,
              "fail": false,
              "pending": false,
              "context": null,
              "code": "_CalculadoraPage.default.CalculadoraDividir();",
              "err": {},
              "uuid": "d3aba832-254d-4d7c-af3c-1229217efe6b",
              "parentUUID": "14aa1e5b-0d7f-4238-91c4-f6db2e9463e6",
              "isHook": false,
              "skipped": false
            },
            {
              "title": "4 * 4",
              "fullTitle": "Calculadora 4 * 4",
              "timedOut": null,
              "duration": 3276,
              "state": "passed",
              "speed": "fast",
              "pass": true,
              "fail": false,
              "pending": false,
              "context": null,
              "code": "_CalculadoraPage.default.CalculadoraMulti();",
              "err": {},
              "uuid": "947d94d0-456a-424a-9d88-240942e024d6",
              "parentUUID": "14aa1e5b-0d7f-4238-91c4-f6db2e9463e6",
              "isHook": false,
              "skipped": false
            }
          ],
          "suites": [],
          "passes": [
            "5db8cde0-56b0-4bd0-89f5-64d419efb382",
            "3615ebf2-0704-4cf0-bd88-40c1c95c2f7b",
            "98150e91-62e8-41e5-9257-14f637421f28",
            "d3aba832-254d-4d7c-af3c-1229217efe6b",
            "947d94d0-456a-424a-9d88-240942e024d6"
          ],
          "failures": [],
          "pending": [],
          "skipped": [],
          "duration": 22988,
          "root": false,
          "rootEmpty": false,
          "_timeout": 2000
        }
      ],
      "passes": [],
      "failures": [],
      "pending": [],
      "skipped": [],
      "duration": 0,
      "root": true,
      "rootEmpty": true,
      "_timeout": 2000
    }
  ],
  "meta": {
    "mocha": {
      "version": "7.0.1"
    },
    "mochawesome": {
      "options": {
        "quiet": false,
        "reportFilename": "mochawesome",
        "saveHtml": true,
        "saveJson": true,
        "consoleReporter": "spec",
        "useInlineDiffs": false,
        "code": true
      },
      "version": "7.1.3"
    },
    "marge": {
      "options": null,
      "version": "6.2.0"
    }
  }
}