{
  "stats": {
    "suites": 1,
    "tests": 1,
    "passes": 1,
    "pending": 0,
    "failures": 0,
    "start": "2023-07-06T00:52:44.277Z",
    "end": "2023-07-06T00:53:01.689Z",
    "duration": 17412,
    "testsRegistered": 1,
    "passPercent": 100,
    "pendingPercent": 0,
    "other": 0,
    "hasOther": false,
    "skipped": 0,
    "hasSkipped": false
  },
  "results": [
    {
      "uuid": "b139120a-0c7f-493a-82b4-8005f0f78de6",
      "title": "",
      "fullFile": "cypress/e2e/validaHomeLogada.cy.js",
      "file": "cypress/e2e/validaHomeLogada.cy.js",
      "beforeHooks": [],
      "afterHooks": [],
      "tests": [],
      "suites": [
        {
          "uuid": "48fe5b7d-58f9-4187-a962-c23adc83fbbd",
          "title": "Logando",
          "fullFile": "",
          "file": "",
          "beforeHooks": [],
          "afterHooks": [],
          "tests": [
            {
              "title": "Componentes Tela Home",
              "fullTitle": "Logando Componentes Tela Home",
              "timedOut": null,
              "duration": 17115,
              "state": "passed",
              "speed": "slow",
              "pass": true,
              "fail": false,
              "pending": false,
              "context": null,
              "code": "_homePage.default.validaComponentesHomeLogada();",
              "err": {},
              "uuid": "14b743b8-17f2-47af-bcb2-83c13da4b9e5",
              "parentUUID": "48fe5b7d-58f9-4187-a962-c23adc83fbbd",
              "isHook": false,
              "skipped": false
            }
          ],
          "suites": [],
          "passes": [
            "14b743b8-17f2-47af-bcb2-83c13da4b9e5"
          ],
          "failures": [],
          "pending": [],
          "skipped": [],
          "duration": 17115,
          "root": false,
          "rootEmpty": false,
          "_timeout": 2000
        }
      ],
      "passes": [],
      "failures": [],
      "pending": [],
      "skipped": [],
      "duration": 0,
      "root": true,
      "rootEmpty": true,
      "_timeout": 2000
    }
  ],
  "meta": {
    "mocha": {
      "version": "7.0.1"
    },
    "mochawesome": {
      "options": {
        "quiet": false,
        "reportFilename": "mochawesome",
        "saveHtml": true,
        "saveJson": true,
        "consoleReporter": "spec",
        "useInlineDiffs": false,
        "code": true
      },
      "version": "7.1.3"
    },
    "marge": {
      "options": null,
      "version": "6.2.0"
    }
  }
}